# JRE version: OpenJDK Runtime Environment (11.0.2+7) (build 11.0.2-redhat+7-LTS)
# Java VM: OpenJDK 64-Bit Server VM (11.0.2-redhat+7-LTS, mixed mode, tiered, compressed oops, g1 gc, windows-amd64)
Heap:
 garbage-first heap   total 309248K, used 199504K [0x00000000e0000000, 0x0000000100000000)
  region size 1024K, 43 young (44032K), 4 survivors (4096K)
 Metaspace       used 27327K, capacity 27852K, committed 28160K, reserved 1075200K
  class space    used 2817K, capacity 3012K, committed 3072K, reserved 1048576K
GC Heap History (10 events):
Event: 4.989 GC heap before
{Heap before GC invocations=49 (full 0):
 garbage-first heap   total 258048K, used 190464K [0x00000000e0000000, 0x0000000100000000)
  region size 1024K, 24 young (24576K), 2 survivors (2048K)
 Metaspace       used 27038K, capacity 27640K, committed 27904K, reserved 1075200K
  class space    used 2793K, capacity 3006K, committed 3072K, reserved 1048576K
}
Event: 4.998 GC heap after
{Heap after GC invocations=50 (full 0):
 garbage-first heap   total 258048K, used 167989K [0x00000000e0000000, 0x0000000100000000)
  region size 1024K, 3 young (3072K), 3 survivors (3072K)
 Metaspace       used 27038K, capacity 27640K, committed 27904K, reserved 1075200K
  class space    used 2793K, capacity 3006K, committed 3072K, reserved 1048576K
}
Event: 5.023 GC heap before
{Heap before GC invocations=51 (full 0):
 garbage-first heap   total 258048K, used 175157K [0x00000000e0000000, 0x0000000100000000)
  region size 1024K, 6 young (6144K), 3 survivors (3072K)
 Metaspace       used 27042K, capacity 27640K, committed 27904K, reserved 1075200K
  class space    used 2793K, capacity 3006K, committed 3072K, reserved 1048576K
}
Event: 5.029 GC heap after
{Heap after GC invocations=52 (full 0):
 garbage-first heap   total 258048K, used 155185K [0x00000000e0000000, 0x0000000100000000)
  region size 1024K, 2 young (2048K), 2 survivors (2048K)
 Metaspace       used 27042K, capacity 27640K, committed 27904K, reserved 1075200K
  class space    used 2793K, capacity 3006K, committed 3072K, reserved 1048576K
}
Event: 5.163 GC heap before
{Heap before GC invocations=53 (full 0):
 garbage-first heap   total 258048K, used 186929K [0x00000000e0000000, 0x0000000100000000)
  region size 1024K, 28 young (28672K), 2 survivors (2048K)
 Metaspace       used 27185K, capacity 27709K, committed 27904K, reserved 1075200K
  class space    used 2803K, capacity 3008K, committed 3072K, reserved 1048576K
}
Event: 5.170 GC heap after
{Heap after GC invocations=54 (full 0):
 garbage-first heap   total 258048K, used 157832K [0x00000000e0000000, 0x0000000100000000)
  region size 1024K, 4 young (4096K), 4 survivors (4096K)
 Metaspace       used 27185K, capacity 27709K, committed 27904K, reserved 1075200K
  class space    used 2803K, capacity 3008K, committed 3072K, reserved 1048576K
}
Event: 5.190 GC heap before
{Heap before GC invocations=54 (full 0):
 garbage-first heap   total 258048K, used 166024K [0x00000000e0000000, 0x0000000100000000)
  region size 1024K, 12 young (12288K), 4 survivors (4096K)
 Metaspace       used 27209K, capacity 27713K, committed 27904K, reserved 1075200K
  class space    used 2804K, capacity 3009K, committed 3072K, reserved 1048576K
}
Event: 5.200 GC heap after
{Heap after GC invocations=55 (full 0):
 garbage-first heap   total 309248K, used 157340K [0x00000000e0000000, 0x0000000100000000)
  region size 1024K, 1 young (1024K), 1 survivors (1024K)
 Metaspace       used 27209K, capacity 27713K, committed 27904K, reserved 1075200K
  class space    used 2804K, capacity 3009K, committed 3072K, reserved 1048576K
}
Event: 5.266 GC heap before
{Heap before GC invocations=55 (full 0):
 garbage-first heap   total 309248K, used 205468K [0x00000000e0000000, 0x0000000100000000)
  region size 1024K, 48 young (49152K), 1 survivors (1024K)
 Metaspace       used 27215K, capacity 27713K, committed 27904K, reserved 1075200K
  class space    used 2804K, capacity 3009K, committed 3072K, reserved 1048576K
}
Event: 5.271 GC heap after
{Heap after GC invocations=56 (full 0):
 garbage-first heap   total 309248K, used 160592K [0x00000000e0000000, 0x0000000100000000)
  region size 1024K, 4 young (4096K), 4 survivors (4096K)
 Metaspace       used 27215K, capacity 27713K, committed 27904K, reserved 1075200K
  class space    used 2804K, capacity 3009K, committed 3072K, reserved 1048576K
}

